0 info it worked if it ends with ok
1 verbose cli [ 'E:\\Program Files\\nodejs\\node.exe',
1 verbose cli   'C:\\Users\\user\\AppData\\Roaming\\npm\\node_modules\\npm\\bin\\npm-cli.js',
1 verbose cli   'run',
1 verbose cli   'build' ]
2 info using npm@3.5.3
3 info using node@v6.10.0
4 verbose run-script [ 'prebuild', 'build', 'postbuild' ]
5 info lifecycle loan-project@1.0.0~prebuild: loan-project@1.0.0
6 silly lifecycle loan-project@1.0.0~prebuild: no script for prebuild, continuing
7 info lifecycle loan-project@1.0.0~build: loan-project@1.0.0
8 verbose lifecycle loan-project@1.0.0~build: unsafe-perm in lifecycle true
9 verbose lifecycle loan-project@1.0.0~build: PATH: C:\Users\user\AppData\Roaming\npm\node_modules\npm\bin\node-gyp-bin;E:\github\loan_project\node_modules\.bin;C:\ProgramData\Oracle\Java\javapath;D:\Program Files\apache-maven-3.2.1-bin\apache-maven-3.2.1\bin;C:\Program Files\Java\jdk1.8.0_101\bin;C:\Windows\system32;C:\Windows;C:\Windows\System32\Wbem;C:\Windows\System32\WindowsPowerShell\v1.0\;E:\Program Files\TortoiseSVN\bin;E:\Program Files\nodejs\;E:\Program Files\Git\cmd;C:\Program Files\Java\jdk1.8.0_101\bin;C:\Program Files\Java\jdk1.8.0_101\jre\bin;D:\apache-tomcat-7.0.70\lib;D:\apache-tomcat-7.0.70\bin;C:\Users\user\AppData\Roaming\npm;C:\Users\user\AppData\Local\Programs\Fiddler;D:\install\Fiddler;D:\install\Microsoft VS Code\bin
10 verbose lifecycle loan-project@1.0.0~build: CWD: E:\github\loan_project
11 silly lifecycle loan-project@1.0.0~build: Args: [ '/d /s /c', 'node build/build.js' ]
12 silly lifecycle loan-project@1.0.0~build: Returned: code: 1  signal: null
13 info lifecycle loan-project@1.0.0~build: Failed to exec build script
14 verbose stack Error: loan-project@1.0.0 build: `node build/build.js`
14 verbose stack Exit status 1
14 verbose stack     at EventEmitter.<anonymous> (C:\Users\user\AppData\Roaming\npm\node_modules\npm\lib\utils\lifecycle.js:232:16)
14 verbose stack     at emitTwo (events.js:106:13)
14 verbose stack     at EventEmitter.emit (events.js:191:7)
14 verbose stack     at ChildProcess.<anonymous> (C:\Users\user\AppData\Roaming\npm\node_modules\npm\lib\utils\spawn.js:24:14)
14 verbose stack     at emitTwo (events.js:106:13)
14 verbose stack     at ChildProcess.emit (events.js:191:7)
14 verbose stack     at maybeClose (internal/child_process.js:877:16)
14 verbose stack     at Process.ChildProcess._handle.onexit (internal/child_process.js:226:5)
15 verbose pkgid loan-project@1.0.0
16 verbose cwd E:\github\loan_project
17 error Windows_NT 6.1.7601
18 error argv "E:\\Program Files\\nodejs\\node.exe" "C:\\Users\\user\\AppData\\Roaming\\npm\\node_modules\\npm\\bin\\npm-cli.js" "run" "build"
19 error node v6.10.0
20 error npm  v3.5.3
21 error code ELIFECYCLE
22 error loan-project@1.0.0 build: `node build/build.js`
22 error Exit status 1
23 error Failed at the loan-project@1.0.0 build script 'node build/build.js'.
23 error Make sure you have the latest version of node.js and npm installed.
23 error If you do, this is most likely a problem with the loan-project package,
23 error not with npm itself.
23 error Tell the author that this fails on your system:
23 error     node build/build.js
23 error You can get information on how to open an issue for this project with:
23 error     npm bugs loan-project
23 error Or if that isn't available, you can get their info via:
23 error     npm owner ls loan-project
23 error There is likely additional logging output above.
24 verbose exit [ 1, true ]
